<?xml version="1.0" encoding="UTF-8"?>
<!-- Generated by org.testng.reporters.JUnitReportReporter -->
<testsuite hostname="Anil" failures="0" tests="1" name="TestRunner.testRunner" time="21.075" errors="0" timestamp="2025-06-25T18:56:55 IST" skipped="0">
  <testcase classname="TestRunner.testRunner" name="runScenario" time="21.075"/>
</testsuite> <!-- TestRunner.testRunner -->
