<?xml version="1.0" encoding="UTF-8"?>
<!-- Generated by org.testng.reporters.JUnitReportReporter -->
<testsuite hostname="Anil" failures="0" tests="8" name="TestRunner.testRunner" time="124.055" errors="0" timestamp="2025-07-09T20:39:55 IST" skipped="0">
  <testcase classname="TestRunner.testRunner" name="runScenario" time="4.394"/>
  <testcase classname="TestRunner.testRunner" name="runScenario" time="12.088"/>
  <testcase classname="TestRunner.testRunner" name="runScenario" time="42.024"/>
  <testcase classname="TestRunner.testRunner" name="runScenario" time="4.800"/>
  <testcase classname="TestRunner.testRunner" name="runScenario" time="4.254"/>
  <testcase classname="TestRunner.testRunner" name="runScenario" time="3.891"/>
  <testcase classname="TestRunner.testRunner" name="runScenario" time="6.910"/>
  <testcase classname="TestRunner.testRunner" name="runScenario" time="45.694"/>
</testsuite> <!-- TestRunner.testRunner -->
