<?xml version="1.0" encoding="UTF-8"?>
<!-- Generated by org.testng.reporters.JUnitReportReporter -->
<testsuite hostname="Anil" failures="0" tests="1" name="TestRunner.testRunner" time="8.806" errors="1" timestamp="2025-06-25T20:36:49 IST" skipped="0">
  <testcase classname="TestRunner.testRunner" name="runScenario" time="8.806">
    <error message="Cannot invoke &quot;com.aventstack.extentreports.ExtentReports.flush()&quot; because &quot;StepDef.Hook.extent&quot; is null" type="java.lang.NullPointerException">
      <![CDATA[java.lang.NullPointerException: Cannot invoke "com.aventstack.extentreports.ExtentReports.flush()" because "StepDef.Hook.extent" is null
at StepDef.Hook.tearDown(Hook.java:60)
]]>
    </error>
  </testcase> <!-- runScenario -->
</testsuite> <!-- TestRunner.testRunner -->
